Analysis & Synthesis report for Project_CycloneV3
Sat Nov 22 19:25:58 2025
Quartus Prime Version 21.1.0 Build 842 10/21/2021 SJ Lite Edition


---------------------
; Table of Contents ;
---------------------
  1. Legal Notice
  2. Analysis & Synthesis Summary
  3. Analysis & Synthesis Settings
  4. Parallel Compilation
  5. Analysis & Synthesis Source Files Read
  6. Analysis & Synthesis Resource Usage Summary
  7. Analysis & Synthesis Resource Utilization by Entity
  8. State Machine - |Top_module_project|motor_control_lcd:inst_motor|estado_destino
  9. State Machine - |Top_module_project|motor_control_lcd:inst_motor|estado_dir
 10. State Machine - |Top_module_project|motor_control_lcd:inst_motor|estado_vel
 11. Registers Removed During Synthesis
 12. General Register Statistics
 13. Inverted Register Statistics
 14. Multiplexer Restructuring Statistics (Restructuring Performed)
 15. Parameter Settings for User Entity Instance: motor_control_lcd:inst_motor|debouncer:D1
 16. Parameter Settings for User Entity Instance: motor_control_lcd:inst_motor|debouncer:D2
 17. Parameter Settings for User Entity Instance: motor_control_lcd:inst_motor|debouncer:D3
 18. Parameter Settings for User Entity Instance: LIB_LCD_INTESC_REVD:inst_lcd
 19. Parameter Settings for User Entity Instance: LIB_LCD_INTESC_REVD:inst_lcd|PROCESADOR_LCD_REVD:U1
 20. Port Connectivity Checks: "LIB_LCD_INTESC_REVD:inst_lcd|PROCESADOR_LCD_REVD:U1"
 21. Post-Synthesis Netlist Statistics for Top Partition
 22. Elapsed Time Per Partition
 23. Analysis & Synthesis Messages



----------------
; Legal Notice ;
----------------
Copyright (C) 2021  Intel Corporation. All rights reserved.
Your use of Intel Corporation's design tools, logic functions 
and other software and tools, and any partner logic 
functions, and any output files from any of the foregoing 
(including device programming or simulation files), and any 
associated documentation or information are expressly subject 
to the terms and conditions of the Intel Program License 
Subscription Agreement, the Intel Quartus Prime License Agreement,
the Intel FPGA IP License Agreement, or other applicable license
agreement, including, without limitation, that your use is for
the sole purpose of programming logic devices manufactured by
Intel and sold by Intel or its authorized distributors.  Please
refer to the applicable agreement for further details, at
https://fpgasoftware.intel.com/eula.



+----------------------------------------------------------------------------------+
; Analysis & Synthesis Summary                                                     ;
+------------------------------------+---------------------------------------------+
; Analysis & Synthesis Status        ; Successful - Sat Nov 22 19:25:58 2025       ;
; Quartus Prime Version              ; 21.1.0 Build 842 10/21/2021 SJ Lite Edition ;
; Revision Name                      ; Project_CycloneV3                           ;
; Top-level Entity Name              ; Top_module_project                          ;
; Family                             ; Cyclone IV E                                ;
; Total logic elements               ; 743                                         ;
;     Total combinational functions  ; 735                                         ;
;     Dedicated logic registers      ; 233                                         ;
; Total registers                    ; 233                                         ;
; Total pins                         ; 23                                          ;
; Total virtual pins                 ; 0                                           ;
; Total memory bits                  ; 0                                           ;
; Embedded Multiplier 9-bit elements ; 0                                           ;
; Total PLLs                         ; 0                                           ;
+------------------------------------+---------------------------------------------+


+------------------------------------------------------------------------------------------------------------+
; Analysis & Synthesis Settings                                                                              ;
+------------------------------------------------------------------+--------------------+--------------------+
; Option                                                           ; Setting            ; Default Value      ;
+------------------------------------------------------------------+--------------------+--------------------+
; Device                                                           ; EP4CE6E22C8        ;                    ;
; Top-level entity name                                            ; Top_module_project ; Project_CycloneV3  ;
; Family name                                                      ; Cyclone IV E       ; Cyclone V          ;
; Use smart compilation                                            ; Off                ; Off                ;
; Enable parallel Assembler and Timing Analyzer during compilation ; On                 ; On                 ;
; Enable compact report table                                      ; Off                ; Off                ;
; Restructure Multiplexers                                         ; Auto               ; Auto               ;
; Create Debugging Nodes for IP Cores                              ; Off                ; Off                ;
; Preserve fewer node names                                        ; On                 ; On                 ;
; Intel FPGA IP Evaluation Mode                                    ; Enable             ; Enable             ;
; Verilog Version                                                  ; Verilog_2001       ; Verilog_2001       ;
; VHDL Version                                                     ; VHDL_1993          ; VHDL_1993          ;
; State Machine Processing                                         ; Auto               ; Auto               ;
; Safe State Machine                                               ; Off                ; Off                ;
; Extract Verilog State Machines                                   ; On                 ; On                 ;
; Extract VHDL State Machines                                      ; On                 ; On                 ;
; Ignore Verilog initial constructs                                ; Off                ; Off                ;
; Iteration limit for constant Verilog loops                       ; 5000               ; 5000               ;
; Iteration limit for non-constant Verilog loops                   ; 250                ; 250                ;
; Add Pass-Through Logic to Inferred RAMs                          ; On                 ; On                 ;
; Infer RAMs from Raw Logic                                        ; On                 ; On                 ;
; Parallel Synthesis                                               ; On                 ; On                 ;
; DSP Block Balancing                                              ; Auto               ; Auto               ;
; NOT Gate Push-Back                                               ; On                 ; On                 ;
; Power-Up Don't Care                                              ; On                 ; On                 ;
; Remove Redundant Logic Cells                                     ; Off                ; Off                ;
; Remove Duplicate Registers                                       ; On                 ; On                 ;
; Ignore CARRY Buffers                                             ; Off                ; Off                ;
; Ignore CASCADE Buffers                                           ; Off                ; Off                ;
; Ignore GLOBAL Buffers                                            ; Off                ; Off                ;
; Ignore ROW GLOBAL Buffers                                        ; Off                ; Off                ;
; Ignore LCELL Buffers                                             ; Off                ; Off                ;
; Ignore SOFT Buffers                                              ; On                 ; On                 ;
; Limit AHDL Integers to 32 Bits                                   ; Off                ; Off                ;
; Optimization Technique                                           ; Balanced           ; Balanced           ;
; Carry Chain Length                                               ; 70                 ; 70                 ;
; Auto Carry Chains                                                ; On                 ; On                 ;
; Auto Open-Drain Pins                                             ; On                 ; On                 ;
; Perform WYSIWYG Primitive Resynthesis                            ; Off                ; Off                ;
; Auto ROM Replacement                                             ; On                 ; On                 ;
; Auto RAM Replacement                                             ; On                 ; On                 ;
; Auto DSP Block Replacement                                       ; On                 ; On                 ;
; Auto Shift Register Replacement                                  ; Auto               ; Auto               ;
; Allow Shift Register Merging across Hierarchies                  ; Auto               ; Auto               ;
; Auto Clock Enable Replacement                                    ; On                 ; On                 ;
; Strict RAM Replacement                                           ; Off                ; Off                ;
; Allow Synchronous Control Signals                                ; On                 ; On                 ;
; Force Use of Synchronous Clear Signals                           ; Off                ; Off                ;
; Auto RAM Block Balancing                                         ; On                 ; On                 ;
; Auto RAM to Logic Cell Conversion                                ; Off                ; Off                ;
; Auto Resource Sharing                                            ; Off                ; Off                ;
; Allow Any RAM Size For Recognition                               ; Off                ; Off                ;
; Allow Any ROM Size For Recognition                               ; Off                ; Off                ;
; Allow Any Shift Register Size For Recognition                    ; Off                ; Off                ;
; Use LogicLock Constraints during Resource Balancing              ; On                 ; On                 ;
; Ignore translate_off and synthesis_off directives                ; Off                ; Off                ;
; Timing-Driven Synthesis                                          ; On                 ; On                 ;
; Report Parameter Settings                                        ; On                 ; On                 ;
; Report Source Assignments                                        ; On                 ; On                 ;
; Report Connectivity Checks                                       ; On                 ; On                 ;
; Ignore Maximum Fan-Out Assignments                               ; Off                ; Off                ;
; Synchronization Register Chain Length                            ; 2                  ; 2                  ;
; Power Optimization During Synthesis                              ; Normal compilation ; Normal compilation ;
; HDL message level                                                ; Level2             ; Level2             ;
; Suppress Register Optimization Related Messages                  ; Off                ; Off                ;
; Number of Removed Registers Reported in Synthesis Report         ; 5000               ; 5000               ;
; Number of Swept Nodes Reported in Synthesis Report               ; 5000               ; 5000               ;
; Number of Inverted Registers Reported in Synthesis Report        ; 100                ; 100                ;
; Clock MUX Protection                                             ; On                 ; On                 ;
; Auto Gated Clock Conversion                                      ; Off                ; Off                ;
; Block Design Naming                                              ; Auto               ; Auto               ;
; SDC constraint protection                                        ; Off                ; Off                ;
; Synthesis Effort                                                 ; Auto               ; Auto               ;
; Shift Register Replacement - Allow Asynchronous Clear Signal     ; On                 ; On                 ;
; Pre-Mapping Resynthesis Optimization                             ; Off                ; Off                ;
; Analysis & Synthesis Message Level                               ; Medium             ; Medium             ;
; Disable Register Merging Across Hierarchies                      ; Auto               ; Auto               ;
; Resource Aware Inference For Block RAM                           ; On                 ; On                 ;
+------------------------------------------------------------------+--------------------+--------------------+


+------------------------------------------+
; Parallel Compilation                     ;
+----------------------------+-------------+
; Processors                 ; Number      ;
+----------------------------+-------------+
; Number detected on machine ; 24          ;
; Maximum allowed            ; 16          ;
;                            ;             ;
; Average used               ; 1.00        ;
; Maximum used               ; 16          ;
;                            ;             ;
; Usage by Processor         ; % Time Used ;
;     Processor 1            ; 100.0%      ;
;     Processor 2            ;   0.0%      ;
;     Processor 3            ;   0.0%      ;
;     Processor 4            ;   0.0%      ;
;     Processor 5            ;   0.0%      ;
;     Processor 6            ;   0.0%      ;
;     Processor 7            ;   0.0%      ;
;     Processor 8            ;   0.0%      ;
;     Processors 9-16        ;   0.0%      ;
+----------------------------+-------------+


+---------------------------------------------------------------------------------------------------------------------------------------------------------------------------------------------------------+
; Analysis & Synthesis Source Files Read                                                                                                                                                                  ;
+------------------------------------+-----------------+-----------------+----------------------------------------------------------------------------------------------------------------------+---------+
; File Name with User-Entered Path   ; Used in Netlist ; File Type       ; File Name with Absolute Path                                                                                         ; Library ;
+------------------------------------+-----------------+-----------------+----------------------------------------------------------------------------------------------------------------------+---------+
; src/Top_module_project.vhd         ; yes             ; User VHDL File  ; C:/Users/delai/Documentos/Coding/FPGA VHDL/Project_FPGA_Cyclone/Project_CycloneV3/src/Top_module_project.vhd         ;         ;
; src/PROCESADOR_LCD_REVD.vhd        ; yes             ; User VHDL File  ; C:/Users/delai/Documentos/Coding/FPGA VHDL/Project_FPGA_Cyclone/Project_CycloneV3/src/PROCESADOR_LCD_REVD.vhd        ;         ;
; src/LIB_LCD_INTESC_REVD.vhd        ; yes             ; User VHDL File  ; C:/Users/delai/Documentos/Coding/FPGA VHDL/Project_FPGA_Cyclone/Project_CycloneV3/src/LIB_LCD_INTESC_REVD.vhd        ;         ;
; src/COMANDOS_LCD_REVD.vhd          ; yes             ; User VHDL File  ; C:/Users/delai/Documentos/Coding/FPGA VHDL/Project_FPGA_Cyclone/Project_CycloneV3/src/COMANDOS_LCD_REVD.vhd          ;         ;
; src/CARACTERES_ESPECIALES_REVD.vhd ; yes             ; User VHDL File  ; C:/Users/delai/Documentos/Coding/FPGA VHDL/Project_FPGA_Cyclone/Project_CycloneV3/src/CARACTERES_ESPECIALES_REVD.vhd ;         ;
; src/debouncer.vhd                  ; yes             ; User VHDL File  ; C:/Users/delai/Documentos/Coding/FPGA VHDL/Project_FPGA_Cyclone/Project_CycloneV3/src/debouncer.vhd                  ;         ;
; src/motor_control_lcd.vhd          ; yes             ; User VHDL File  ; C:/Users/delai/Documentos/Coding/FPGA VHDL/Project_FPGA_Cyclone/Project_CycloneV3/src/motor_control_lcd.vhd          ;         ;
+------------------------------------+-----------------+-----------------+----------------------------------------------------------------------------------------------------------------------+---------+


+---------------------------------------------------------+
; Analysis & Synthesis Resource Usage Summary             ;
+---------------------------------------------+-----------+
; Resource                                    ; Usage     ;
+---------------------------------------------+-----------+
; Estimated Total logic elements              ; 743       ;
;                                             ;           ;
; Total combinational functions               ; 735       ;
; Logic element usage by number of LUT inputs ;           ;
;     -- 4 input functions                    ; 422       ;
;     -- 3 input functions                    ; 96        ;
;     -- <=2 input functions                  ; 217       ;
;                                             ;           ;
; Logic elements by mode                      ;           ;
;     -- normal mode                          ; 570       ;
;     -- arithmetic mode                      ; 165       ;
;                                             ;           ;
; Total registers                             ; 233       ;
;     -- Dedicated logic registers            ; 233       ;
;     -- I/O registers                        ; 0         ;
;                                             ;           ;
; I/O pins                                    ; 23        ;
;                                             ;           ;
; Embedded Multiplier 9-bit elements          ; 0         ;
;                                             ;           ;
; Maximum fan-out node                        ; clk~input ;
; Maximum fan-out                             ; 233       ;
; Total fan-out                               ; 3185      ;
; Average fan-out                             ; 3.14      ;
+---------------------------------------------+-----------+


+-----------------------------------------------------------------------------------------------------------------------------------------------------------------------------------------------------------------------------------------------------------------------------+
; Analysis & Synthesis Resource Utilization by Entity                                                                                                                                                                                                                         ;
+-----------------------------------+---------------------+---------------------------+-------------+--------------+---------+-----------+------+--------------+-------------------------------------------------------------------------+---------------------+--------------+
; Compilation Hierarchy Node        ; Combinational ALUTs ; Dedicated Logic Registers ; Memory Bits ; DSP Elements ; DSP 9x9 ; DSP 18x18 ; Pins ; Virtual Pins ; Full Hierarchy Name                                                     ; Entity Name         ; Library Name ;
+-----------------------------------+---------------------+---------------------------+-------------+--------------+---------+-----------+------+--------------+-------------------------------------------------------------------------+---------------------+--------------+
; |Top_module_project               ; 735 (0)             ; 233 (0)                   ; 0           ; 0            ; 0       ; 0         ; 23   ; 0            ; |Top_module_project                                                     ; Top_module_project  ; work         ;
;    |LIB_LCD_INTESC_REVD:inst_lcd| ; 533 (24)            ; 106 (0)                   ; 0           ; 0            ; 0       ; 0         ; 0    ; 0            ; |Top_module_project|LIB_LCD_INTESC_REVD:inst_lcd                        ; LIB_LCD_INTESC_REVD ; work         ;
;       |PROCESADOR_LCD_REVD:U1|    ; 509 (509)           ; 106 (106)                 ; 0           ; 0            ; 0       ; 0         ; 0    ; 0            ; |Top_module_project|LIB_LCD_INTESC_REVD:inst_lcd|PROCESADOR_LCD_REVD:U1 ; PROCESADOR_LCD_REVD ; work         ;
;    |motor_control_lcd:inst_motor| ; 202 (121)           ; 127 (61)                  ; 0           ; 0            ; 0       ; 0         ; 0    ; 0            ; |Top_module_project|motor_control_lcd:inst_motor                        ; motor_control_lcd   ; work         ;
;       |debouncer:D1|              ; 27 (27)             ; 22 (22)                   ; 0           ; 0            ; 0       ; 0         ; 0    ; 0            ; |Top_module_project|motor_control_lcd:inst_motor|debouncer:D1           ; debouncer           ; work         ;
;       |debouncer:D2|              ; 27 (27)             ; 22 (22)                   ; 0           ; 0            ; 0       ; 0         ; 0    ; 0            ; |Top_module_project|motor_control_lcd:inst_motor|debouncer:D2           ; debouncer           ; work         ;
;       |debouncer:D3|              ; 27 (27)             ; 22 (22)                   ; 0           ; 0            ; 0       ; 0         ; 0    ; 0            ; |Top_module_project|motor_control_lcd:inst_motor|debouncer:D3           ; debouncer           ; work         ;
+-----------------------------------+---------------------+---------------------------+-------------+--------------+---------+-----------+------+--------------+-------------------------------------------------------------------------+---------------------+--------------+
Note: For table entries with two numbers listed, the numbers in parentheses indicate the number of resources of the given type used by the specific entity alone. The numbers listed outside of parentheses indicate the total resources of the given type used by the specific entity and all of its sub-entities in the hierarchy.


Encoding Type:  One-Hot
+----------------------------------------------------------------------------------------------------------------------------------------------+
; State Machine - |Top_module_project|motor_control_lcd:inst_motor|estado_destino                                                              ;
+---------------------------------+---------------------------------+------------------------+-----------------------+-------------------------+
; Name                            ; estado_destino.ESPERA_SEGURIDAD ; estado_destino.DIR_CCW ; estado_destino.DIR_CW ; estado_destino.DIR_STOP ;
+---------------------------------+---------------------------------+------------------------+-----------------------+-------------------------+
; estado_destino.DIR_STOP         ; 0                               ; 0                      ; 0                     ; 0                       ;
; estado_destino.DIR_CW           ; 0                               ; 0                      ; 1                     ; 1                       ;
; estado_destino.DIR_CCW          ; 0                               ; 1                      ; 0                     ; 1                       ;
; estado_destino.ESPERA_SEGURIDAD ; 1                               ; 0                      ; 0                     ; 1                       ;
+---------------------------------+---------------------------------+------------------------+-----------------------+-------------------------+


Encoding Type:  One-Hot
+--------------------------------------------------------------------------------------------------------------------------+
; State Machine - |Top_module_project|motor_control_lcd:inst_motor|estado_dir                                              ;
+-----------------------------+-----------------------------+--------------------+-------------------+---------------------+
; Name                        ; estado_dir.ESPERA_SEGURIDAD ; estado_dir.DIR_CCW ; estado_dir.DIR_CW ; estado_dir.DIR_STOP ;
+-----------------------------+-----------------------------+--------------------+-------------------+---------------------+
; estado_dir.DIR_STOP         ; 0                           ; 0                  ; 0                 ; 0                   ;
; estado_dir.DIR_CW           ; 0                           ; 0                  ; 1                 ; 1                   ;
; estado_dir.DIR_CCW          ; 0                           ; 1                  ; 0                 ; 1                   ;
; estado_dir.ESPERA_SEGURIDAD ; 1                           ; 0                  ; 0                 ; 1                   ;
+-----------------------------+-----------------------------+--------------------+-------------------+---------------------+


Encoding Type:  One-Hot
+-------------------------------------------------------------------------------------------------------------+
; State Machine - |Top_module_project|motor_control_lcd:inst_motor|estado_vel                                 ;
+----------------------+--------------------+----------------------+---------------------+--------------------+
; Name                 ; estado_vel.VEL_MAX ; estado_vel.VEL_MEDIA ; estado_vel.VEL_BAJA ; estado_vel.APAGADO ;
+----------------------+--------------------+----------------------+---------------------+--------------------+
; estado_vel.APAGADO   ; 0                  ; 0                    ; 0                   ; 0                  ;
; estado_vel.VEL_BAJA  ; 0                  ; 0                    ; 1                   ; 1                  ;
; estado_vel.VEL_MEDIA ; 0                  ; 1                    ; 0                   ; 1                  ;
; estado_vel.VEL_MAX   ; 1                  ; 0                    ; 0                   ; 1                  ;
+----------------------+--------------------+----------------------+---------------------+--------------------+


+----------------------------------------------------------------------------------------------------------------------------------------------------------------------------+
; Registers Removed During Synthesis                                                                                                                                         ;
+------------------------------------------------------------------------------------------+---------------------------------------------------------------------------------+
; Register name                                                                            ; Reason for Removal                                                              ;
+------------------------------------------------------------------------------------------+---------------------------------------------------------------------------------+
; motor_control_lcd:inst_motor|umbral_actual[0,3,7,11]                                     ; Stuck at GND due to stuck port data_in                                          ;
; motor_control_lcd:inst_motor|umbral_actual[6,8]                                          ; Merged with motor_control_lcd:inst_motor|umbral_actual[15]                      ;
; motor_control_lcd:inst_motor|umbral_actual[4,9,14]                                       ; Merged with motor_control_lcd:inst_motor|nivel_velocidad[1]                     ;
; motor_control_lcd:inst_motor|umbral_actual[13]                                           ; Merged with motor_control_lcd:inst_motor|umbral_actual[12]                      ;
; motor_control_lcd:inst_motor|umbral_actual[1,2,5]                                        ; Merged with motor_control_lcd:inst_motor|umbral_actual[10]                      ;
; LIB_LCD_INTESC_REVD:inst_lcd|PROCESADOR_LCD_REVD:U1|vec_c_char[1]                        ; Merged with LIB_LCD_INTESC_REVD:inst_lcd|PROCESADOR_LCD_REVD:U1|vec_c_char[0]   ;
; LIB_LCD_INTESC_REVD:inst_lcd|PROCESADOR_LCD_REVD:U1|vec_c_char[7,17]                     ; Merged with LIB_LCD_INTESC_REVD:inst_lcd|PROCESADOR_LCD_REVD:U1|vec_c_char[10]  ;
; LIB_LCD_INTESC_REVD:inst_lcd|PROCESADOR_LCD_REVD:U1|vec_c_char[16,35]                    ; Merged with LIB_LCD_INTESC_REVD:inst_lcd|PROCESADOR_LCD_REVD:U1|vec_c_char[15]  ;
; LIB_LCD_INTESC_REVD:inst_lcd|PROCESADOR_LCD_REVD:U1|vec_c_char[21,22,25..27,30]          ; Merged with LIB_LCD_INTESC_REVD:inst_lcd|PROCESADOR_LCD_REVD:U1|vec_c_char[20]  ;
; LIB_LCD_INTESC_REVD:inst_lcd|PROCESADOR_LCD_REVD:U1|vec_ram[1,2,7]                       ; Merged with LIB_LCD_INTESC_REVD:inst_lcd|PROCESADOR_LCD_REVD:U1|vec_ram[0]      ;
; LIB_LCD_INTESC_REVD:inst_lcd|PROCESADOR_LCD_REVD:U1|vec_c_char[36]                       ; Merged with LIB_LCD_INTESC_REVD:inst_lcd|PROCESADOR_LCD_REVD:U1|vec_c_char[11]  ;
; LIB_LCD_INTESC_REVD:inst_lcd|PROCESADOR_LCD_REVD:U1|vec_c_char[31,33]                    ; Merged with LIB_LCD_INTESC_REVD:inst_lcd|PROCESADOR_LCD_REVD:U1|vec_c_char[28]  ;
; LIB_LCD_INTESC_REVD:inst_lcd|PROCESADOR_LCD_REVD:U1|vec_c_char[37..39]                   ; Merged with LIB_LCD_INTESC_REVD:inst_lcd|PROCESADOR_LCD_REVD:U1|vec_c_char[34]  ;
; LIB_LCD_INTESC_REVD:inst_lcd|PROCESADOR_LCD_REVD:U1|vec_c_char[23]                       ; Merged with LIB_LCD_INTESC_REVD:inst_lcd|PROCESADOR_LCD_REVD:U1|vec_c_char[19]  ;
; LIB_LCD_INTESC_REVD:inst_lcd|PROCESADOR_LCD_REVD:U1|vec_c_char[9]                        ; Merged with LIB_LCD_INTESC_REVD:inst_lcd|PROCESADOR_LCD_REVD:U1|vec_c_char[14]  ;
; LIB_LCD_INTESC_REVD:inst_lcd|PROCESADOR_LCD_REVD:U1|vec_c_char[29]                       ; Merged with LIB_LCD_INTESC_REVD:inst_lcd|PROCESADOR_LCD_REVD:U1|vec_c_char[24]  ;
; LIB_LCD_INTESC_REVD:inst_lcd|PROCESADOR_LCD_REVD:U1|vec_l_ram[3..7]                      ; Stuck at GND due to stuck port data_in                                          ;
; LIB_LCD_INTESC_REVD:inst_lcd|PROCESADOR_LCD_REVD:U1|vec_ram[0]                           ; Stuck at GND due to stuck port data_in                                          ;
; LIB_LCD_INTESC_REVD:inst_lcd|PROCESADOR_LCD_REVD:U1|RW                                   ; Stuck at GND due to stuck port data_in                                          ;
; LIB_LCD_INTESC_REVD:inst_lcd|PROCESADOR_LCD_REVD:U1|ciclo_enable[0..2,4..6,10,11,13..15] ; Stuck at GND due to stuck port data_in                                          ;
; LIB_LCD_INTESC_REVD:inst_lcd|PROCESADOR_LCD_REVD:U1|ciclo_enable[12]                     ; Merged with LIB_LCD_INTESC_REVD:inst_lcd|PROCESADOR_LCD_REVD:U1|ciclo_enable[9] ;
; LIB_LCD_INTESC_REVD:inst_lcd|PROCESADOR_LCD_REVD:U1|ciclo_enable[9]                      ; Merged with LIB_LCD_INTESC_REVD:inst_lcd|PROCESADOR_LCD_REVD:U1|ciclo_enable[8] ;
; LIB_LCD_INTESC_REVD:inst_lcd|PROCESADOR_LCD_REVD:U1|ciclo_enable[8]                      ; Merged with LIB_LCD_INTESC_REVD:inst_lcd|PROCESADOR_LCD_REVD:U1|ciclo_enable[7] ;
; LIB_LCD_INTESC_REVD:inst_lcd|PROCESADOR_LCD_REVD:U1|ciclo_enable[7]                      ; Merged with LIB_LCD_INTESC_REVD:inst_lcd|PROCESADOR_LCD_REVD:U1|ciclo_enable[3] ;
; motor_control_lcd:inst_motor|estado_destino.ESPERA_SEGURIDAD                             ; Stuck at GND due to stuck port data_in                                          ;
; Total Number of Removed Registers = 59                                                   ;                                                                                 ;
+------------------------------------------------------------------------------------------+---------------------------------------------------------------------------------+


+------------------------------------------------------+
; General Register Statistics                          ;
+----------------------------------------------+-------+
; Statistic                                    ; Value ;
+----------------------------------------------+-------+
; Total registers                              ; 233   ;
; Number of registers using Synchronous Clear  ; 143   ;
; Number of registers using Synchronous Load   ; 10    ;
; Number of registers using Asynchronous Clear ; 0     ;
; Number of registers using Asynchronous Load  ; 0     ;
; Number of registers using Clock Enable       ; 121   ;
; Number of registers using Preset             ; 0     ;
+----------------------------------------------+-------+


+--------------------------------------------------------------------+
; Inverted Register Statistics                                       ;
+----------------------------------------------------------+---------+
; Inverted Register                                        ; Fan out ;
+----------------------------------------------------------+---------+
; motor_control_lcd:inst_motor|debouncer:D2|estado_estable ; 11      ;
; motor_control_lcd:inst_motor|debouncer:D3|estado_estable ; 11      ;
; motor_control_lcd:inst_motor|debouncer:D2|btn_sync       ; 2       ;
; motor_control_lcd:inst_motor|debouncer:D3|btn_sync       ; 2       ;
; motor_control_lcd:inst_motor|debouncer:D1|estado_estable ; 4       ;
; motor_control_lcd:inst_motor|vel_reg_n                   ; 1       ;
; motor_control_lcd:inst_motor|debouncer:D1|btn_sync       ; 2       ;
; Total number of inverted registers = 7                   ;         ;
+----------------------------------------------------------+---------+


+--------------------------------------------------------------------------------------------------------------------------------------------------------------------------------------------------------+
; Multiplexer Restructuring Statistics (Restructuring Performed)                                                                                                                                         ;
+--------------------+-----------+---------------+----------------------+------------------------+------------+------------------------------------------------------------------------------------------+
; Multiplexer Inputs ; Bus Width ; Baseline Area ; Area if Restructured ; Saving if Restructured ; Registered ; Example Multiplexer Output                                                               ;
+--------------------+-----------+---------------+----------------------+------------------------+------------+------------------------------------------------------------------------------------------+
; 3:1                ; 5 bits    ; 10 LEs        ; 5 LEs                ; 5 LEs                  ; Yes        ; |Top_module_project|LIB_LCD_INTESC_REVD:inst_lcd|PROCESADOR_LCD_REVD:U1|dir_mem_s[3]     ;
; 3:1                ; 20 bits   ; 40 LEs        ; 20 LEs               ; 20 LEs                 ; Yes        ; |Top_module_project|motor_control_lcd:inst_motor|debouncer:D3|contador[17]               ;
; 3:1                ; 20 bits   ; 40 LEs        ; 20 LEs               ; 20 LEs                 ; Yes        ; |Top_module_project|motor_control_lcd:inst_motor|debouncer:D2|contador[19]               ;
; 3:1                ; 20 bits   ; 40 LEs        ; 20 LEs               ; 20 LEs                 ; Yes        ; |Top_module_project|motor_control_lcd:inst_motor|debouncer:D1|contador[12]               ;
; 3:1                ; 26 bits   ; 52 LEs        ; 26 LEs               ; 26 LEs                 ; Yes        ; |Top_module_project|motor_control_lcd:inst_motor|contador_espera[7]                      ;
; 7:1                ; 5 bits    ; 20 LEs        ; 15 LEs               ; 5 LEs                  ; Yes        ; |Top_module_project|LIB_LCD_INTESC_REVD:inst_lcd|PROCESADOR_LCD_REVD:U1|data_s[7]        ;
; 65:1               ; 18 bits   ; 774 LEs       ; 144 LEs              ; 630 LEs                ; Yes        ; |Top_module_project|LIB_LCD_INTESC_REVD:inst_lcd|PROCESADOR_LCD_REVD:U1|ciclo_enable[15] ;
; 65:1               ; 2 bits    ; 86 LEs        ; 12 LEs               ; 74 LEs                 ; Yes        ; |Top_module_project|LIB_LCD_INTESC_REVD:inst_lcd|PROCESADOR_LCD_REVD:U1|DATA[5]          ;
; 8:1                ; 22 bits   ; 110 LEs       ; 22 LEs               ; 88 LEs                 ; Yes        ; |Top_module_project|LIB_LCD_INTESC_REVD:inst_lcd|PROCESADOR_LCD_REVD:U1|conta_delay[9]   ;
; 9:1                ; 23 bits   ; 138 LEs       ; 115 LEs              ; 23 LEs                 ; Yes        ; |Top_module_project|LIB_LCD_INTESC_REVD:inst_lcd|PROCESADOR_LCD_REVD:U1|vec_c_char[34]   ;
; 9:1                ; 3 bits    ; 18 LEs        ; 15 LEs               ; 3 LEs                  ; Yes        ; |Top_module_project|LIB_LCD_INTESC_REVD:inst_lcd|PROCESADOR_LCD_REVD:U1|vec_l_ram[0]     ;
; 26:1               ; 2 bits    ; 34 LEs        ; 24 LEs               ; 10 LEs                 ; No         ; |Top_module_project|LIB_LCD_INTESC_REVD:inst_lcd|Mux7                                    ;
; 6:1                ; 4 bits    ; 16 LEs        ; 8 LEs                ; 8 LEs                  ; No         ; |Top_module_project|motor_control_lcd:inst_motor|estado_destino                          ;
; 9:1                ; 2 bits    ; 12 LEs        ; 6 LEs                ; 6 LEs                  ; No         ; |Top_module_project|motor_control_lcd:inst_motor|estado_dir                              ;
; 11:1               ; 2 bits    ; 14 LEs        ; 8 LEs                ; 6 LEs                  ; No         ; |Top_module_project|motor_control_lcd:inst_motor|estado_dir                              ;
+--------------------+-----------+---------------+----------------------+------------------------+------------+------------------------------------------------------------------------------------------+


+----------------------------------------------------------------------------------------+
; Parameter Settings for User Entity Instance: motor_control_lcd:inst_motor|debouncer:D1 ;
+----------------+----------+------------------------------------------------------------+
; Parameter Name ; Value    ; Type                                                       ;
+----------------+----------+------------------------------------------------------------+
; clk_freq       ; 50000000 ; Signed Integer                                             ;
; time_ms        ; 20       ; Signed Integer                                             ;
+----------------+----------+------------------------------------------------------------+
Note: In order to hide this table in the UI and the text report file, please set the "Show Parameter Settings in Synthesis Report" option in "Analysis and Synthesis Settings -> More Settings" to "Off".


+----------------------------------------------------------------------------------------+
; Parameter Settings for User Entity Instance: motor_control_lcd:inst_motor|debouncer:D2 ;
+----------------+----------+------------------------------------------------------------+
; Parameter Name ; Value    ; Type                                                       ;
+----------------+----------+------------------------------------------------------------+
; clk_freq       ; 50000000 ; Signed Integer                                             ;
; time_ms        ; 20       ; Signed Integer                                             ;
+----------------+----------+------------------------------------------------------------+
Note: In order to hide this table in the UI and the text report file, please set the "Show Parameter Settings in Synthesis Report" option in "Analysis and Synthesis Settings -> More Settings" to "Off".


+----------------------------------------------------------------------------------------+
; Parameter Settings for User Entity Instance: motor_control_lcd:inst_motor|debouncer:D3 ;
+----------------+----------+------------------------------------------------------------+
; Parameter Name ; Value    ; Type                                                       ;
+----------------+----------+------------------------------------------------------------+
; clk_freq       ; 50000000 ; Signed Integer                                             ;
; time_ms        ; 20       ; Signed Integer                                             ;
+----------------+----------+------------------------------------------------------------+
Note: In order to hide this table in the UI and the text report file, please set the "Show Parameter Settings in Synthesis Report" option in "Analysis and Synthesis Settings -> More Settings" to "Off".


+---------------------------------------------------------------------------+
; Parameter Settings for User Entity Instance: LIB_LCD_INTESC_REVD:inst_lcd ;
+----------------+----------+-----------------------------------------------+
; Parameter Name ; Value    ; Type                                          ;
+----------------+----------+-----------------------------------------------+
; fpga_clk       ; 50000000 ; Signed Integer                                ;
+----------------+----------+-----------------------------------------------+
Note: In order to hide this table in the UI and the text report file, please set the "Show Parameter Settings in Synthesis Report" option in "Analysis and Synthesis Settings -> More Settings" to "Off".


+--------------------------------------------------------------------------------------------------+
; Parameter Settings for User Entity Instance: LIB_LCD_INTESC_REVD:inst_lcd|PROCESADOR_LCD_REVD:U1 ;
+----------------+----------+----------------------------------------------------------------------+
; Parameter Name ; Value    ; Type                                                                 ;
+----------------+----------+----------------------------------------------------------------------+
; fpga_clk       ; 50000000 ; Signed Integer                                                       ;
; num_inst       ; 25       ; Signed Integer                                                       ;
+----------------+----------+----------------------------------------------------------------------+
Note: In order to hide this table in the UI and the text report file, please set the "Show Parameter Settings in Synthesis Report" option in "Analysis and Synthesis Settings -> More Settings" to "Off".


+------------------------------------------------------------------------------------------------------------------+
; Port Connectivity Checks: "LIB_LCD_INTESC_REVD:inst_lcd|PROCESADOR_LCD_REVD:U1"                                  ;
+--------+--------+----------+-------------------------------------------------------------------------------------+
; Port   ; Type   ; Severity ; Details                                                                             ;
+--------+--------+----------+-------------------------------------------------------------------------------------+
; bd_lcd ; Output ; Info     ; Connected to dangling logic. Logic that only feeds a dangling port will be removed. ;
+--------+--------+----------+-------------------------------------------------------------------------------------+


+-----------------------------------------------------+
; Post-Synthesis Netlist Statistics for Top Partition ;
+-----------------------+-----------------------------+
; Type                  ; Count                       ;
+-----------------------+-----------------------------+
; boundary_port         ; 23                          ;
; cycloneiii_ff         ; 233                         ;
;     ENA               ; 48                          ;
;     ENA SCLR          ; 64                          ;
;     ENA SLD           ; 9                           ;
;     SCLR              ; 79                          ;
;     SLD               ; 1                           ;
;     plain             ; 32                          ;
; cycloneiii_lcell_comb ; 737                         ;
;     arith             ; 165                         ;
;         2 data inputs ; 155                         ;
;         3 data inputs ; 10                          ;
;     normal            ; 572                         ;
;         0 data inputs ; 1                           ;
;         1 data inputs ; 14                          ;
;         2 data inputs ; 49                          ;
;         3 data inputs ; 86                          ;
;         4 data inputs ; 422                         ;
;                       ;                             ;
; Max LUT depth         ; 11.00                       ;
; Average LUT depth     ; 4.94                        ;
+-----------------------+-----------------------------+


+-------------------------------+
; Elapsed Time Per Partition    ;
+----------------+--------------+
; Partition Name ; Elapsed Time ;
+----------------+--------------+
; Top            ; 00:00:02     ;
+----------------+--------------+


+-------------------------------+
; Analysis & Synthesis Messages ;
+-------------------------------+
Info: *******************************************************************
Info: Running Quartus Prime Analysis & Synthesis
    Info: Version 21.1.0 Build 842 10/21/2021 SJ Lite Edition
    Info: Processing started: Sat Nov 22 19:25:48 2025
Info: Command: quartus_map --read_settings_files=on --write_settings_files=off Project_CycloneV3 -c Project_CycloneV3
Warning (18236): Number of processors has not been specified which may cause overloading on shared machines.  Set the global assignment NUM_PARALLEL_PROCESSORS in your QSF to an appropriate value for best performance.
Info (20030): Parallel compilation is enabled and will use 16 of the 24 processors detected
Info (12021): Found 2 design units, including 1 entities, in source file src/top_module_project.vhd
    Info (12022): Found design unit 1: Top_module_project-Behavioral File: C:/Users/delai/Documentos/Coding/FPGA VHDL/Project_FPGA_Cyclone/Project_CycloneV3/src/Top_module_project.vhd Line: 26
    Info (12023): Found entity 1: Top_module_project File: C:/Users/delai/Documentos/Coding/FPGA VHDL/Project_FPGA_Cyclone/Project_CycloneV3/src/Top_module_project.vhd Line: 4
Info (12021): Found 2 design units, including 1 entities, in source file src/procesador_lcd_revd.vhd
    Info (12022): Found design unit 1: PROCESADOR_LCD_REVD-Behavioral File: C:/Users/delai/Documentos/Coding/FPGA VHDL/Project_FPGA_Cyclone/Project_CycloneV3/src/PROCESADOR_LCD_REVD.vhd Line: 31
    Info (12023): Found entity 1: PROCESADOR_LCD_REVD File: C:/Users/delai/Documentos/Coding/FPGA VHDL/Project_FPGA_Cyclone/Project_CycloneV3/src/PROCESADOR_LCD_REVD.vhd Line: 10
Info (12021): Found 2 design units, including 1 entities, in source file src/lib_lcd_intesc_revd.vhd
    Info (12022): Found design unit 1: LIB_LCD_INTESC_REVD-Behavioral File: C:/Users/delai/Documentos/Coding/FPGA VHDL/Project_FPGA_Cyclone/Project_CycloneV3/src/LIB_LCD_INTESC_REVD.vhd Line: 19
    Info (12023): Found entity 1: LIB_LCD_INTESC_REVD File: C:/Users/delai/Documentos/Coding/FPGA VHDL/Project_FPGA_Cyclone/Project_CycloneV3/src/LIB_LCD_INTESC_REVD.vhd Line: 7
Info (12021): Found 2 design units, including 0 entities, in source file src/comandos_lcd_revd.vhd
    Info (12022): Found design unit 1: COMANDOS_LCD_REVD File: C:/Users/delai/Documentos/Coding/FPGA VHDL/Project_FPGA_Cyclone/Project_CycloneV3/src/COMANDOS_LCD_REVD.vhd Line: 10
    Info (12022): Found design unit 2: COMANDOS_LCD_REVD-body File: C:/Users/delai/Documentos/Coding/FPGA VHDL/Project_FPGA_Cyclone/Project_CycloneV3/src/COMANDOS_LCD_REVD.vhd Line: 46
Info (12021): Found 2 design units, including 1 entities, in source file src/caracteres_especiales_revd.vhd
    Info (12022): Found design unit 1: CARACTERES_ESPECIALES_REVD-Behavioral File: C:/Users/delai/Documentos/Coding/FPGA VHDL/Project_FPGA_Cyclone/Project_CycloneV3/src/CARACTERES_ESPECIALES_REVD.vhd Line: 12
    Info (12023): Found entity 1: CARACTERES_ESPECIALES_REVD File: C:/Users/delai/Documentos/Coding/FPGA VHDL/Project_FPGA_Cyclone/Project_CycloneV3/src/CARACTERES_ESPECIALES_REVD.vhd Line: 4
Info (12021): Found 2 design units, including 1 entities, in source file src/debouncer.vhd
    Info (12022): Found design unit 1: debouncer-Behavioral File: C:/Users/delai/Documentos/Coding/FPGA VHDL/Project_FPGA_Cyclone/Project_CycloneV3/src/debouncer.vhd Line: 21
    Info (12023): Found entity 1: debouncer File: C:/Users/delai/Documentos/Coding/FPGA VHDL/Project_FPGA_Cyclone/Project_CycloneV3/src/debouncer.vhd Line: 9
Info (12021): Found 2 design units, including 1 entities, in source file src/motor_control_lcd.vhd
    Info (12022): Found design unit 1: motor_control_lcd-arch File: C:/Users/delai/Documentos/Coding/FPGA VHDL/Project_FPGA_Cyclone/Project_CycloneV3/src/motor_control_lcd.vhd Line: 26
    Info (12023): Found entity 1: motor_control_lcd File: C:/Users/delai/Documentos/Coding/FPGA VHDL/Project_FPGA_Cyclone/Project_CycloneV3/src/motor_control_lcd.vhd Line: 5
Info (12127): Elaborating entity "Top_module_project" for the top level hierarchy
Info (12128): Elaborating entity "motor_control_lcd" for hierarchy "motor_control_lcd:inst_motor" File: C:/Users/delai/Documentos/Coding/FPGA VHDL/Project_FPGA_Cyclone/Project_CycloneV3/src/Top_module_project.vhd Line: 53
Info (12128): Elaborating entity "debouncer" for hierarchy "motor_control_lcd:inst_motor|debouncer:D1" File: C:/Users/delai/Documentos/Coding/FPGA VHDL/Project_FPGA_Cyclone/Project_CycloneV3/src/motor_control_lcd.vhd Line: 59
Info (12128): Elaborating entity "LIB_LCD_INTESC_REVD" for hierarchy "LIB_LCD_INTESC_REVD:inst_lcd" File: C:/Users/delai/Documentos/Coding/FPGA VHDL/Project_FPGA_Cyclone/Project_CycloneV3/src/Top_module_project.vhd Line: 67
Warning (10036): Verilog HDL or VHDL warning at LIB_LCD_INTESC_REVD.vhd(24): object "BD_LCD" assigned a value but never read File: C:/Users/delai/Documentos/Coding/FPGA VHDL/Project_FPGA_Cyclone/Project_CycloneV3/src/LIB_LCD_INTESC_REVD.vhd Line: 24
Info (12128): Elaborating entity "PROCESADOR_LCD_REVD" for hierarchy "LIB_LCD_INTESC_REVD:inst_lcd|PROCESADOR_LCD_REVD:U1" File: C:/Users/delai/Documentos/Coding/FPGA VHDL/Project_FPGA_Cyclone/Project_CycloneV3/src/LIB_LCD_INTESC_REVD.vhd Line: 48
Info (12128): Elaborating entity "CARACTERES_ESPECIALES_REVD" for hierarchy "LIB_LCD_INTESC_REVD:inst_lcd|CARACTERES_ESPECIALES_REVD:U2" File: C:/Users/delai/Documentos/Coding/FPGA VHDL/Project_FPGA_Cyclone/Project_CycloneV3/src/LIB_LCD_INTESC_REVD.vhd Line: 51
Warning (13024): Output pins are stuck at VCC or GND
    Warning (13410): Pin "RW" is stuck at GND File: C:/Users/delai/Documentos/Coding/FPGA VHDL/Project_FPGA_Cyclone/Project_CycloneV3/src/Top_module_project.vhd Line: 21
Info (286030): Timing-Driven Synthesis is running
Info (16010): Generating hard_block partition "hard_block:auto_generated_inst"
    Info (16011): Adding 0 node(s), including 0 DDIO, 0 PLL, 0 transceiver and 0 LCELL
Info (21057): Implemented 775 device resources after synthesis - the final resource count might be different
    Info (21058): Implemented 5 input pins
    Info (21059): Implemented 18 output pins
    Info (21061): Implemented 752 logic cells
Info: Quartus Prime Analysis & Synthesis was successful. 0 errors, 4 warnings
    Info: Peak virtual memory: 4942 megabytes
    Info: Processing ended: Sat Nov 22 19:25:58 2025
    Info: Elapsed time: 00:00:10
    Info: Total CPU time (on all processors): 00:00:17


